\BOOKMARK [0][-]{chapter*.1}{Table des mati\350res}{}% 1
\BOOKMARK [0][-]{chapter*.2}{Table des figures}{}% 2
\BOOKMARK [0][-]{chapter*.3}{Liste des tableaux}{}% 3
\BOOKMARK [-1][-]{part.1}{I Prise en Main d'Excel}{}% 4
\BOOKMARK [0][-]{chapter.1}{Pr\351sentation d\220Excel}{part.1}% 5
\BOOKMARK [1][-]{section.1.1}{Vocabulaire}{chapter.1}% 6
\BOOKMARK [0][-]{chapter.2}{Premier Classeur}{part.1}% 7
\BOOKMARK [1][-]{section.2.1}{Cr\351ation d\220un nouveau classeur}{chapter.2}% 8
\BOOKMARK [1][-]{section.2.2}{Enregistrer un classeur la premi\350re fois}{chapter.2}% 9
\BOOKMARK [1][-]{section.2.3}{Enregistrer les autres fois}{chapter.2}% 10
\BOOKMARK [1][-]{section.2.4}{Fermeture d'un classeur}{chapter.2}% 11
\BOOKMARK [1][-]{section.2.5}{ Saisir du texte et des nombres }{chapter.2}% 12
\BOOKMARK [1][-]{section.2.6}{Modifier des donn\351es}{chapter.2}% 13
\BOOKMARK [1][-]{section.2.7}{Supprimer les donn\351es}{chapter.2}% 14
\BOOKMARK [1][-]{section.2.8}{D\351placez ou copiez des donn\351es}{chapter.2}% 15
\BOOKMARK [1][-]{section.2.9}{Agrandir les cellules}{chapter.2}% 16
\BOOKMARK [1][-]{section.2.10}{Formats, mise en forme et poign\351e de recopie incr\351ment\351e}{chapter.2}% 17
\BOOKMARK [1][-]{section.2.11}{S\351rie d'Exercices}{chapter.2}% 18
\BOOKMARK [0][-]{chapter.3}{Saisie Rapide}{part.1}% 19
\BOOKMARK [1][-]{section.3.1}{Succession de Repetition}{chapter.3}% 20
\BOOKMARK [1][-]{section.3.2}{Suite Inscrement\351e}{chapter.3}% 21
\BOOKMARK [1][-]{section.3.3}{Suite Inscrement\351e d'une liste personnalis\351e }{chapter.3}% 22
\BOOKMARK [1][-]{section.3.4}{Liste personnalis\351e }{chapter.3}% 23
\BOOKMARK [1][-]{section.3.5}{S\351rie d'Exercices}{chapter.3}% 24
\BOOKMARK [0][-]{chapter.4}{Fonctions}{part.1}% 25
\BOOKMARK [1][-]{section.4.1}{Fonctions Arithm\351tique}{chapter.4}% 26
\BOOKMARK [1][-]{section.4.2}{S\351rie d'Exercices}{chapter.4}% 27
\BOOKMARK [1][-]{section.4.3}{Autres Fonctions}{chapter.4}% 28
\BOOKMARK [1][-]{section.4.4}{S\351rie d'Exercices}{chapter.4}% 29
\BOOKMARK [1][-]{section.4.5}{Les conditions}{chapter.4}% 30
\BOOKMARK [1][-]{section.4.6}{S\351rie d'Exercices}{chapter.4}% 31
\BOOKMARK [1][-]{section.4.7}{Mise en forme conditionnelle}{chapter.4}% 32
\BOOKMARK [-1][-]{part.2}{II Contexte de travail}{}% 33
